mktextfm ecrm1000
mktextfm phvr8t
mktextfm phvr8t
mktextfm phvb8t
mktextfm nullfont
mktextfm phvb8t
mktextfm nullfont
mktextfm phvr8t
mktextfm phvr7t
mktextfm phvr7t
mktextfm phvr7t
mktextfm phvro7t
mktextfm phvro7t
mktextfm phvro7t
mktextfm phvbo8t
mktextfm nullfont
mktextfm nullfont
mktextfm phvro8t
mktextfm nullfont
mktextfm ecrm1000
mktextfm phvr8t
mktextfm phvr8t
mktextfm phvb8t
mktextfm nullfont
mktextfm phvb8t
mktextfm nullfont
mktextfm phvr8t
mktextfm phvr7t
mktextfm phvr7t
mktextfm phvr7t
mktextfm phvro7t
mktextfm phvro7t
mktextfm phvro7t
mktextfm phvbo8t
mktextfm nullfont
mktextfm nullfont
mktextfm phvro8t
mktextfm nullfont
mktextfm ecrm1000
mktextfm phvr8t
mktextfm phvr8t
mktextfm phvb8t
mktextfm nullfont
mktextfm phvb8t
mktextfm nullfont
mktextfm phvr8t
mktextfm phvr7t
mktextfm phvr7t
mktextfm phvr7t
mktextfm phvro7t
mktextfm phvro7t
mktextfm phvro7t
mktextfm phvbo8t
mktextfm nullfont
mktextfm nullfont
mktextfm phvro8t
mktextfm nullfont
mktextfm ecrm1000
mktextfm phvr8t
mktextfm phvr8t
mktextfm phvb8t
mktextfm nullfont
mktextfm phvb8t
mktextfm nullfont
mktextfm phvr8t
mktextfm phvr7t
mktextfm phvr7t
mktextfm phvr7t
mktextfm phvro7t
mktextfm phvro7t
mktextfm phvro7t
mktextfm phvbo8t
mktextfm nullfont
mktextfm nullfont
mktextfm phvro8t
mktextfm nullfont
