\BOOKMARK [0][-]{chapter*.2}{Lista istotnych skr\363t\363w oraz symboli}{}% 1
\BOOKMARK [0][-]{chapter.1}{System DIMAC-EK}{}% 2
\BOOKMARK [1][-]{section.1.1}{Wstep}{chapter.1}% 3
\BOOKMARK [2][-]{subsection.1.1.1}{Funkcje}{section.1.1}% 4
\BOOKMARK [2][-]{subsection.1.1.2}{Budowa}{section.1.1}% 5
\BOOKMARK [2][-]{subsection.1.1.3}{Standard otwarty}{section.1.1}% 6
\BOOKMARK [1][-]{section.1.2}{Struktura systemu}{chapter.1}% 7
\BOOKMARK [2][-]{subsection.1.2.1}{Warstwa urzadzen pomiarowych}{section.1.2}% 8
\BOOKMARK [2][-]{subsection.1.2.2}{Warstwa urzadzen wykonawczych}{section.1.2}% 9
\BOOKMARK [2][-]{subsection.1.2.3}{Warstwa autonomicznych rozdzielnic energetycznych}{section.1.2}% 10
\BOOKMARK [2][-]{subsection.1.2.4}{asdasdsa}{section.1.2}% 11
\BOOKMARK [0][-]{chapter.2}{Wyb\363r technologii}{}% 12
\BOOKMARK [1][-]{section.2.1}{Wyb\363r technologii backendu}{chapter.2}% 13
\BOOKMARK [1][-]{section.2.2}{Wyb\363r technologii Frontendu}{chapter.2}% 14
\BOOKMARK [1][-]{section.2.3}{AngularJS}{chapter.2}% 15
\BOOKMARK [2][-]{subsection.2.3.1}{Widoki i dyrektywy}{section.2.3}% 16
\BOOKMARK [2][-]{subsection.2.3.2}{Kontroler}{section.2.3}% 17
\BOOKMARK [2][-]{subsection.2.3.3}{Us\233uga}{section.2.3}% 18
\BOOKMARK [2][-]{subsection.2.3.4}{Cechy rozwiazania}{section.2.3}% 19
\BOOKMARK [1][-]{section.2.4}{BackboneJS}{chapter.2}% 20
\BOOKMARK [2][-]{subsection.2.4.1}{Modele}{section.2.4}% 21
\BOOKMARK [2][-]{subsection.2.4.2}{Widoki}{section.2.4}% 22
\BOOKMARK [2][-]{subsection.2.4.3}{Cechy rozwiazania}{section.2.4}% 23
\BOOKMARK [1][-]{section.2.5}{KnockoutJS}{chapter.2}% 24
\BOOKMARK [2][-]{subsection.2.5.1}{ViewModel}{section.2.5}% 25
\BOOKMARK [2][-]{subsection.2.5.2}{Widoki}{section.2.5}% 26
\BOOKMARK [2][-]{subsection.2.5.3}{Cechy rozwiazania}{section.2.5}% 27
\BOOKMARK [1][-]{section.2.6}{CoffeeScript i TypeScript}{chapter.2}% 28
\BOOKMARK [1][-]{section.2.7}{Podsumowanie}{chapter.2}% 29
\BOOKMARK [0][-]{chapter.3}{ASP.NET MVC4}{}% 30
\BOOKMARK [1][-]{section.3.1}{Wzorzec projektowy ,,Model View Controller''}{chapter.3}% 31
\BOOKMARK [2][-]{subsection.3.1.1}{Model}{section.3.1}% 32
\BOOKMARK [2][-]{subsection.3.1.2}{Widok}{section.3.1}% 33
\BOOKMARK [2][-]{subsection.3.1.3}{Kontroler}{section.3.1}% 34
\BOOKMARK [2][-]{subsection.3.1.4}{Interakcje}{section.3.1}% 35
\BOOKMARK [1][-]{section.3.2}{Dzia\233anie frameworku}{chapter.3}% 36
\BOOKMARK [2][-]{subsection.3.2.1}{Struktura projektu}{section.3.2}% 37
\BOOKMARK [2][-]{subsection.3.2.2}{Routing}{section.3.2}% 38
\BOOKMARK [2][-]{subsection.3.2.3}{Warstwa kontroler\363w}{section.3.2}% 39
\BOOKMARK [2][-]{subsection.3.2.4}{Przyk\233adowy kontroler}{section.3.2}% 40
\BOOKMARK [2][-]{subsection.3.2.5}{Warstwa widok\363w}{section.3.2}% 41
\BOOKMARK [2][-]{subsection.3.2.6}{Cykl zycia aplikacji}{section.3.2}% 42
\BOOKMARK [2][-]{subsection.3.2.7}{Warstwa modeli}{section.3.2}% 43
\BOOKMARK [0][-]{chapter.4}{TypeScript}{}% 44
\BOOKMARK [1][-]{section.4.1}{Cechy technologii}{chapter.4}% 45
\BOOKMARK [1][-]{section.4.2}{Elementy sk\233adowe TypeScript}{chapter.4}% 46
\BOOKMARK [1][-]{section.4.3}{Integracja TypeScript z istniejacym kodem JavaScript}{chapter.4}% 47
\BOOKMARK [2][-]{subsection.4.3.1}{TypeScript i jQuery}{section.4.3}% 48
\BOOKMARK [0][-]{chapter.5}{Opis zastosowanego rozwiazania}{}% 49
\BOOKMARK [1][-]{section.5.1}{Elements Designer - Modu\233 projektowania widok\363w}{chapter.5}% 50
\BOOKMARK [2][-]{subsection.5.1.1}{Tworzenie projektu}{section.5.1}% 51
\BOOKMARK [2][-]{subsection.5.1.2}{Scena}{section.5.1}% 52
\BOOKMARK [2][-]{subsection.5.1.3}{Komponenty}{section.5.1}% 53
\BOOKMARK [1][-]{section.5.2}{Elements Viewer \205 modu\233 wyswietlania widok\363w}{chapter.5}% 54
\BOOKMARK [2][-]{subsection.5.2.1}{Lista urzadzen}{section.5.2}% 55
\BOOKMARK [2][-]{subsection.5.2.2}{Lista projekt\363w}{section.5.2}% 56
\BOOKMARK [2][-]{subsection.5.2.3}{Wizualizacje pracy urzadzen}{section.5.2}% 57
\BOOKMARK [0][-]{chapter.6}{Implementacja}{}% 58
\BOOKMARK [1][-]{section.6.1}{Wykorzystane biblioteki}{chapter.6}% 59
\BOOKMARK [2][-]{subsection.6.1.1}{Razor}{section.6.1}% 60
\BOOKMARK [2][-]{subsection.6.1.2}{NHibernate}{section.6.1}% 61
\BOOKMARK [2][-]{subsection.6.1.3}{jQuery}{section.6.1}% 62
\BOOKMARK [1][-]{section.6.2}{Architektura aplikacji}{chapter.6}% 63
\BOOKMARK [2][-]{subsection.6.2.1}{Warstwa prezentacji - Widoki}{section.6.2}% 64
\BOOKMARK [2][-]{subsection.6.2.2}{Warstwa logiki biznesowej - Kontrolery}{section.6.2}% 65
\BOOKMARK [2][-]{subsection.6.2.3}{Warstwa obs\233ugi danych - Modele}{section.6.2}% 66
\BOOKMARK [0][-]{chapter.7}{Podsumowanie}{}% 67
\BOOKMARK [0][-]{chapter*.15}{Bibliography}{}% 68
\BOOKMARK [0][-]{chapter*.15}{List of Figures}{}% 69
\BOOKMARK [0][-]{chapter*.15}{List of Tables}{}% 70
